2024-11-03 20:09:48,435 - __main__ - INFO - Init application
2024-11-03 20:10:01,833 - __main__ - INFO - Закончили сбор данных
2024-11-03 20:33:39,164 - __main__ - INFO - Init application
2024-11-03 20:33:39,939 - src.infra.client.deribit_client - INFO - get obj ---> TickerDTO(ticker='btc_usd', price=68395.05, timestamp=datetime.datetime(2024, 11, 3, 17, 33, 39, 632190))
2024-11-03 20:33:40,007 - src.infra.client.deribit_client - INFO - check obj ---> TickerUpdateDTO(id=1, ticker='btc_usd', price=68395.05, timestamp=datetime.datetime(2024, 11, 3, 17, 33, 39, 632190))
2024-11-03 20:33:40,015 - src.infra.client.deribit_client - INFO - update obj ---> TickerUpdateDTO(id=1, ticker='btc_usd', price=68395.05, timestamp=datetime.datetime(2024, 11, 3, 17, 33, 39, 632190))
2024-11-03 20:33:40,015 - src.infra.client.deribit_client - INFO - get obj ---> TickerDTO(ticker='eth_usd', price=2451.07, timestamp=datetime.datetime(2024, 11, 3, 17, 33, 39, 939391))
2024-11-03 20:33:40,019 - src.infra.client.deribit_client - INFO - check obj ---> TickerUpdateDTO(id=2, ticker='eth_usd', price=2451.07, timestamp=datetime.datetime(2024, 11, 3, 17, 33, 39, 939391))
2024-11-03 20:33:40,024 - src.infra.client.deribit_client - INFO - update obj ---> TickerUpdateDTO(id=2, ticker='eth_usd', price=2451.07, timestamp=datetime.datetime(2024, 11, 3, 17, 33, 39, 939391))
2024-11-03 20:34:17,209 - __main__ - INFO - Закончили сбор данных
2024-11-03 20:37:10,537 - __main__ - INFO - Init application
2024-11-03 20:37:11,388 - src.infra.client.deribit_client - INFO - get obj ---> TickerDTO(ticker='btc_usd', price=68406.62, timestamp=datetime.datetime(2024, 11, 3, 17, 37, 10, 875387))
2024-11-03 20:37:11,474 - src.infra.client.deribit_client - INFO - check obj ---> TickerCreateDTO(ticker='btc_usd', price=68406.62, timestamp=datetime.datetime(2024, 11, 3, 17, 37, 10, 875387))
2024-11-03 20:38:38,464 - __main__ - INFO - Init application
2024-11-03 20:38:39,142 - src.infra.client.deribit_client - INFO - get obj ---> TickerDTO(ticker='btc_usd', price=68440.03, timestamp=datetime.datetime(2024, 11, 3, 17, 38, 38, 835291))
2024-11-03 20:38:39,249 - src.infra.client.deribit_client - INFO - check obj ---> TickerCreateDTO(ticker='btc_usd', price=68440.03, timestamp=datetime.datetime(2024, 11, 3, 17, 38, 38, 835291))
2024-11-03 20:38:39,258 - src.infra.client.deribit_client - INFO - create obj ---> TickerCreateDTO(ticker='btc_usd', price=68440.03, timestamp=datetime.datetime(2024, 11, 3, 17, 38, 38, 835291))
2024-11-03 20:38:39,258 - src.infra.client.deribit_client - INFO - get obj ---> TickerDTO(ticker='eth_usd', price=2450.73, timestamp=datetime.datetime(2024, 11, 3, 17, 38, 39, 142110))
2024-11-03 20:38:39,261 - src.infra.client.deribit_client - INFO - check obj ---> TickerCreateDTO(ticker='eth_usd', price=2450.73, timestamp=datetime.datetime(2024, 11, 3, 17, 38, 39, 142110))
2024-11-03 20:38:39,265 - src.infra.client.deribit_client - INFO - create obj ---> TickerCreateDTO(ticker='eth_usd', price=2450.73, timestamp=datetime.datetime(2024, 11, 3, 17, 38, 39, 142110))
2024-11-03 20:39:39,967 - src.infra.client.deribit_client - INFO - get obj ---> TickerDTO(ticker='btc_usd', price=68402.92, timestamp=datetime.datetime(2024, 11, 3, 17, 39, 39, 660205))
2024-11-03 20:39:40,067 - src.infra.client.deribit_client - INFO - check obj ---> TickerUpdateDTO(id=3, ticker='btc_usd', price=68402.92, timestamp=datetime.datetime(2024, 11, 3, 17, 39, 39, 660205))
2024-11-03 20:39:40,082 - src.infra.client.deribit_client - INFO - update obj ---> TickerUpdateDTO(id=3, ticker='btc_usd', price=68402.92, timestamp=datetime.datetime(2024, 11, 3, 17, 39, 39, 660205))
2024-11-03 20:39:40,082 - src.infra.client.deribit_client - INFO - get obj ---> TickerDTO(ticker='eth_usd', price=2448.3, timestamp=datetime.datetime(2024, 11, 3, 17, 39, 39, 966769))
2024-11-03 20:39:40,084 - src.infra.client.deribit_client - INFO - check obj ---> TickerUpdateDTO(id=4, ticker='eth_usd', price=2448.3, timestamp=datetime.datetime(2024, 11, 3, 17, 39, 39, 966769))
2024-11-03 20:39:40,089 - src.infra.client.deribit_client - INFO - update obj ---> TickerUpdateDTO(id=4, ticker='eth_usd', price=2448.3, timestamp=datetime.datetime(2024, 11, 3, 17, 39, 39, 966769))
2024-11-03 20:40:40,996 - src.infra.client.deribit_client - INFO - get obj ---> TickerDTO(ticker='btc_usd', price=68426.73, timestamp=datetime.datetime(2024, 11, 3, 17, 40, 40, 487443))
2024-11-03 20:40:41,095 - src.infra.client.deribit_client - INFO - check obj ---> TickerUpdateDTO(id=3, ticker='btc_usd', price=68426.73, timestamp=datetime.datetime(2024, 11, 3, 17, 40, 40, 487443))
2024-11-03 20:40:41,109 - src.infra.client.deribit_client - INFO - update obj ---> TickerUpdateDTO(id=3, ticker='btc_usd', price=68426.73, timestamp=datetime.datetime(2024, 11, 3, 17, 40, 40, 487443))
2024-11-03 20:40:41,110 - src.infra.client.deribit_client - INFO - get obj ---> TickerDTO(ticker='eth_usd', price=2450.16, timestamp=datetime.datetime(2024, 11, 3, 17, 40, 40, 995872))
2024-11-03 20:40:41,113 - src.infra.client.deribit_client - INFO - check obj ---> TickerUpdateDTO(id=4, ticker='eth_usd', price=2450.16, timestamp=datetime.datetime(2024, 11, 3, 17, 40, 40, 995872))
2024-11-03 20:40:41,118 - src.infra.client.deribit_client - INFO - update obj ---> TickerUpdateDTO(id=4, ticker='eth_usd', price=2450.16, timestamp=datetime.datetime(2024, 11, 3, 17, 40, 40, 995872))
2024-11-03 20:41:42,128 - src.infra.client.deribit_client - INFO - get obj ---> TickerDTO(ticker='btc_usd', price=68427.39, timestamp=datetime.datetime(2024, 11, 3, 17, 41, 41, 514068))
2024-11-03 20:41:42,225 - src.infra.client.deribit_client - INFO - check obj ---> TickerUpdateDTO(id=3, ticker='btc_usd', price=68427.39, timestamp=datetime.datetime(2024, 11, 3, 17, 41, 41, 514068))
2024-11-03 20:41:42,232 - src.infra.client.deribit_client - INFO - update obj ---> TickerUpdateDTO(id=3, ticker='btc_usd', price=68427.39, timestamp=datetime.datetime(2024, 11, 3, 17, 41, 41, 514068))
2024-11-03 20:41:42,232 - src.infra.client.deribit_client - INFO - get obj ---> TickerDTO(ticker='eth_usd', price=2449.66, timestamp=datetime.datetime(2024, 11, 3, 17, 41, 42, 128094))
2024-11-03 20:41:42,235 - src.infra.client.deribit_client - INFO - check obj ---> TickerUpdateDTO(id=4, ticker='eth_usd', price=2449.66, timestamp=datetime.datetime(2024, 11, 3, 17, 41, 42, 128094))
2024-11-03 20:41:42,241 - src.infra.client.deribit_client - INFO - update obj ---> TickerUpdateDTO(id=4, ticker='eth_usd', price=2449.66, timestamp=datetime.datetime(2024, 11, 3, 17, 41, 42, 128094))
2024-11-03 20:42:43,138 - src.infra.client.deribit_client - INFO - get obj ---> TickerDTO(ticker='btc_usd', price=68432.41, timestamp=datetime.datetime(2024, 11, 3, 17, 42, 42, 747488))
2024-11-03 20:42:43,238 - src.infra.client.deribit_client - INFO - check obj ---> TickerUpdateDTO(id=3, ticker='btc_usd', price=68432.41, timestamp=datetime.datetime(2024, 11, 3, 17, 42, 42, 747488))
2024-11-03 20:42:43,251 - src.infra.client.deribit_client - INFO - update obj ---> TickerUpdateDTO(id=3, ticker='btc_usd', price=68432.41, timestamp=datetime.datetime(2024, 11, 3, 17, 42, 42, 747488))
2024-11-03 20:42:43,252 - src.infra.client.deribit_client - INFO - get obj ---> TickerDTO(ticker='eth_usd', price=2449.29, timestamp=datetime.datetime(2024, 11, 3, 17, 42, 43, 137652))
2024-11-03 20:42:43,255 - src.infra.client.deribit_client - INFO - check obj ---> TickerUpdateDTO(id=4, ticker='eth_usd', price=2449.29, timestamp=datetime.datetime(2024, 11, 3, 17, 42, 43, 137652))
2024-11-03 20:42:43,259 - src.infra.client.deribit_client - INFO - update obj ---> TickerUpdateDTO(id=4, ticker='eth_usd', price=2449.29, timestamp=datetime.datetime(2024, 11, 3, 17, 42, 43, 137652))
2024-11-03 20:43:43,880 - src.infra.client.deribit_client - INFO - get obj ---> TickerDTO(ticker='btc_usd', price=68420.4, timestamp=datetime.datetime(2024, 11, 3, 17, 43, 43, 573476))
2024-11-03 20:43:43,975 - src.infra.client.deribit_client - INFO - check obj ---> TickerUpdateDTO(id=3, ticker='btc_usd', price=68420.4, timestamp=datetime.datetime(2024, 11, 3, 17, 43, 43, 573476))
2024-11-03 20:43:43,989 - src.infra.client.deribit_client - INFO - update obj ---> TickerUpdateDTO(id=3, ticker='btc_usd', price=68420.4, timestamp=datetime.datetime(2024, 11, 3, 17, 43, 43, 573476))
2024-11-03 20:43:43,989 - src.infra.client.deribit_client - INFO - get obj ---> TickerDTO(ticker='eth_usd', price=2448.58, timestamp=datetime.datetime(2024, 11, 3, 17, 43, 43, 879852))
2024-11-03 20:43:43,992 - src.infra.client.deribit_client - INFO - check obj ---> TickerUpdateDTO(id=4, ticker='eth_usd', price=2448.58, timestamp=datetime.datetime(2024, 11, 3, 17, 43, 43, 879852))
2024-11-03 20:43:43,997 - src.infra.client.deribit_client - INFO - update obj ---> TickerUpdateDTO(id=4, ticker='eth_usd', price=2448.58, timestamp=datetime.datetime(2024, 11, 3, 17, 43, 43, 879852))
2024-11-03 20:44:44,705 - src.infra.client.deribit_client - INFO - get obj ---> TickerDTO(ticker='btc_usd', price=68415.19, timestamp=datetime.datetime(2024, 11, 3, 17, 44, 44, 397490))
2024-11-03 20:44:44,807 - src.infra.client.deribit_client - INFO - check obj ---> TickerUpdateDTO(id=3, ticker='btc_usd', price=68415.19, timestamp=datetime.datetime(2024, 11, 3, 17, 44, 44, 397490))
2024-11-03 20:44:44,824 - src.infra.client.deribit_client - INFO - update obj ---> TickerUpdateDTO(id=3, ticker='btc_usd', price=68415.19, timestamp=datetime.datetime(2024, 11, 3, 17, 44, 44, 397490))
2024-11-03 20:44:44,824 - src.infra.client.deribit_client - INFO - get obj ---> TickerDTO(ticker='eth_usd', price=2448.67, timestamp=datetime.datetime(2024, 11, 3, 17, 44, 44, 704777))
2024-11-03 20:44:44,827 - src.infra.client.deribit_client - INFO - check obj ---> TickerUpdateDTO(id=4, ticker='eth_usd', price=2448.67, timestamp=datetime.datetime(2024, 11, 3, 17, 44, 44, 704777))
2024-11-03 20:44:44,833 - src.infra.client.deribit_client - INFO - update obj ---> TickerUpdateDTO(id=4, ticker='eth_usd', price=2448.67, timestamp=datetime.datetime(2024, 11, 3, 17, 44, 44, 704777))
2024-11-03 20:45:45,632 - src.infra.client.deribit_client - INFO - get obj ---> TickerDTO(ticker='btc_usd', price=68333.9, timestamp=datetime.datetime(2024, 11, 3, 17, 45, 45, 325128))
2024-11-03 20:45:45,735 - src.infra.client.deribit_client - INFO - check obj ---> TickerUpdateDTO(id=3, ticker='btc_usd', price=68333.9, timestamp=datetime.datetime(2024, 11, 3, 17, 45, 45, 325128))
2024-11-03 20:45:45,743 - src.infra.client.deribit_client - INFO - update obj ---> TickerUpdateDTO(id=3, ticker='btc_usd', price=68333.9, timestamp=datetime.datetime(2024, 11, 3, 17, 45, 45, 325128))
2024-11-03 20:45:45,743 - src.infra.client.deribit_client - INFO - get obj ---> TickerDTO(ticker='eth_usd', price=2445.97, timestamp=datetime.datetime(2024, 11, 3, 17, 45, 45, 632214))
2024-11-03 20:45:45,746 - src.infra.client.deribit_client - INFO - check obj ---> TickerUpdateDTO(id=4, ticker='eth_usd', price=2445.97, timestamp=datetime.datetime(2024, 11, 3, 17, 45, 45, 632214))
2024-11-03 20:45:45,754 - src.infra.client.deribit_client - INFO - update obj ---> TickerUpdateDTO(id=4, ticker='eth_usd', price=2445.97, timestamp=datetime.datetime(2024, 11, 3, 17, 45, 45, 632214))
2024-11-03 20:46:46,764 - src.infra.client.deribit_client - INFO - get obj ---> TickerDTO(ticker='btc_usd', price=68323.57, timestamp=datetime.datetime(2024, 11, 3, 17, 46, 46, 409872))
2024-11-03 20:46:46,863 - src.infra.client.deribit_client - INFO - check obj ---> TickerUpdateDTO(id=3, ticker='btc_usd', price=68323.57, timestamp=datetime.datetime(2024, 11, 3, 17, 46, 46, 409872))
2024-11-03 20:46:46,878 - src.infra.client.deribit_client - INFO - update obj ---> TickerUpdateDTO(id=3, ticker='btc_usd', price=68323.57, timestamp=datetime.datetime(2024, 11, 3, 17, 46, 46, 409872))
2024-11-03 20:46:46,878 - src.infra.client.deribit_client - INFO - get obj ---> TickerDTO(ticker='eth_usd', price=2445.51, timestamp=datetime.datetime(2024, 11, 3, 17, 46, 46, 764201))
2024-11-03 20:46:46,881 - src.infra.client.deribit_client - INFO - check obj ---> TickerUpdateDTO(id=4, ticker='eth_usd', price=2445.51, timestamp=datetime.datetime(2024, 11, 3, 17, 46, 46, 764201))
2024-11-03 20:46:46,886 - src.infra.client.deribit_client - INFO - update obj ---> TickerUpdateDTO(id=4, ticker='eth_usd', price=2445.51, timestamp=datetime.datetime(2024, 11, 3, 17, 46, 46, 764201))
2024-11-03 20:47:47,692 - src.infra.client.deribit_client - INFO - get obj ---> TickerDTO(ticker='btc_usd', price=68301.69, timestamp=datetime.datetime(2024, 11, 3, 17, 47, 47, 282481))
2024-11-03 20:47:47,796 - src.infra.client.deribit_client - INFO - check obj ---> TickerUpdateDTO(id=3, ticker='btc_usd', price=68301.69, timestamp=datetime.datetime(2024, 11, 3, 17, 47, 47, 282481))
2024-11-03 20:47:47,803 - src.infra.client.deribit_client - INFO - update obj ---> TickerUpdateDTO(id=3, ticker='btc_usd', price=68301.69, timestamp=datetime.datetime(2024, 11, 3, 17, 47, 47, 282481))
2024-11-03 20:47:47,803 - src.infra.client.deribit_client - INFO - get obj ---> TickerDTO(ticker='eth_usd', price=2444.98, timestamp=datetime.datetime(2024, 11, 3, 17, 47, 47, 691794))
2024-11-03 20:47:47,806 - src.infra.client.deribit_client - INFO - check obj ---> TickerUpdateDTO(id=4, ticker='eth_usd', price=2444.98, timestamp=datetime.datetime(2024, 11, 3, 17, 47, 47, 691794))
2024-11-03 20:47:47,811 - src.infra.client.deribit_client - INFO - update obj ---> TickerUpdateDTO(id=4, ticker='eth_usd', price=2444.98, timestamp=datetime.datetime(2024, 11, 3, 17, 47, 47, 691794))
2024-11-03 20:48:48,518 - src.infra.client.deribit_client - INFO - get obj ---> TickerDTO(ticker='btc_usd', price=68304.29, timestamp=datetime.datetime(2024, 11, 3, 17, 48, 48, 214819))
2024-11-03 20:48:48,613 - src.infra.client.deribit_client - INFO - check obj ---> TickerUpdateDTO(id=3, ticker='btc_usd', price=68304.29, timestamp=datetime.datetime(2024, 11, 3, 17, 48, 48, 214819))
2024-11-03 20:48:48,627 - src.infra.client.deribit_client - INFO - update obj ---> TickerUpdateDTO(id=3, ticker='btc_usd', price=68304.29, timestamp=datetime.datetime(2024, 11, 3, 17, 48, 48, 214819))
2024-11-03 20:48:48,627 - src.infra.client.deribit_client - INFO - get obj ---> TickerDTO(ticker='eth_usd', price=2446.21, timestamp=datetime.datetime(2024, 11, 3, 17, 48, 48, 517786))
2024-11-03 20:48:48,630 - src.infra.client.deribit_client - INFO - check obj ---> TickerUpdateDTO(id=4, ticker='eth_usd', price=2446.21, timestamp=datetime.datetime(2024, 11, 3, 17, 48, 48, 517786))
2024-11-03 20:48:48,634 - src.infra.client.deribit_client - INFO - update obj ---> TickerUpdateDTO(id=4, ticker='eth_usd', price=2446.21, timestamp=datetime.datetime(2024, 11, 3, 17, 48, 48, 517786))
2024-11-03 20:49:49,342 - src.infra.client.deribit_client - INFO - get obj ---> TickerDTO(ticker='btc_usd', price=68296.19, timestamp=datetime.datetime(2024, 11, 3, 17, 49, 49, 35076))
2024-11-03 20:49:49,439 - src.infra.client.deribit_client - INFO - check obj ---> TickerUpdateDTO(id=3, ticker='btc_usd', price=68296.19, timestamp=datetime.datetime(2024, 11, 3, 17, 49, 49, 35076))
2024-11-03 20:49:49,454 - src.infra.client.deribit_client - INFO - update obj ---> TickerUpdateDTO(id=3, ticker='btc_usd', price=68296.19, timestamp=datetime.datetime(2024, 11, 3, 17, 49, 49, 35076))
2024-11-03 20:49:49,454 - src.infra.client.deribit_client - INFO - get obj ---> TickerDTO(ticker='eth_usd', price=2445.77, timestamp=datetime.datetime(2024, 11, 3, 17, 49, 49, 342304))
2024-11-03 20:49:49,457 - src.infra.client.deribit_client - INFO - check obj ---> TickerUpdateDTO(id=4, ticker='eth_usd', price=2445.77, timestamp=datetime.datetime(2024, 11, 3, 17, 49, 49, 342304))
2024-11-03 20:49:49,462 - src.infra.client.deribit_client - INFO - update obj ---> TickerUpdateDTO(id=4, ticker='eth_usd', price=2445.77, timestamp=datetime.datetime(2024, 11, 3, 17, 49, 49, 342304))
2024-11-03 20:50:50,271 - src.infra.client.deribit_client - INFO - get obj ---> TickerDTO(ticker='btc_usd', price=68279.11, timestamp=datetime.datetime(2024, 11, 3, 17, 50, 49, 963312))
2024-11-03 20:50:50,369 - src.infra.client.deribit_client - INFO - check obj ---> TickerUpdateDTO(id=3, ticker='btc_usd', price=68279.11, timestamp=datetime.datetime(2024, 11, 3, 17, 50, 49, 963312))
2024-11-03 20:50:50,383 - src.infra.client.deribit_client - INFO - update obj ---> TickerUpdateDTO(id=3, ticker='btc_usd', price=68279.11, timestamp=datetime.datetime(2024, 11, 3, 17, 50, 49, 963312))
2024-11-03 20:50:50,384 - src.infra.client.deribit_client - INFO - get obj ---> TickerDTO(ticker='eth_usd', price=2445.58, timestamp=datetime.datetime(2024, 11, 3, 17, 50, 50, 270739))
2024-11-03 20:50:50,387 - src.infra.client.deribit_client - INFO - check obj ---> TickerUpdateDTO(id=4, ticker='eth_usd', price=2445.58, timestamp=datetime.datetime(2024, 11, 3, 17, 50, 50, 270739))
2024-11-03 20:50:50,392 - src.infra.client.deribit_client - INFO - update obj ---> TickerUpdateDTO(id=4, ticker='eth_usd', price=2445.58, timestamp=datetime.datetime(2024, 11, 3, 17, 50, 50, 270739))
2024-11-03 20:51:51,199 - src.infra.client.deribit_client - INFO - get obj ---> TickerDTO(ticker='btc_usd', price=68285.42, timestamp=datetime.datetime(2024, 11, 3, 17, 51, 50, 891175))
2024-11-03 20:51:51,293 - src.infra.client.deribit_client - INFO - check obj ---> TickerUpdateDTO(id=3, ticker='btc_usd', price=68285.42, timestamp=datetime.datetime(2024, 11, 3, 17, 51, 50, 891175))
2024-11-03 20:51:51,306 - src.infra.client.deribit_client - INFO - update obj ---> TickerUpdateDTO(id=3, ticker='btc_usd', price=68285.42, timestamp=datetime.datetime(2024, 11, 3, 17, 51, 50, 891175))
2024-11-03 20:51:51,307 - src.infra.client.deribit_client - INFO - get obj ---> TickerDTO(ticker='eth_usd', price=2445.5, timestamp=datetime.datetime(2024, 11, 3, 17, 51, 51, 198690))
2024-11-03 20:51:51,310 - src.infra.client.deribit_client - INFO - check obj ---> TickerUpdateDTO(id=4, ticker='eth_usd', price=2445.5, timestamp=datetime.datetime(2024, 11, 3, 17, 51, 51, 198690))
2024-11-03 20:51:51,315 - src.infra.client.deribit_client - INFO - update obj ---> TickerUpdateDTO(id=4, ticker='eth_usd', price=2445.5, timestamp=datetime.datetime(2024, 11, 3, 17, 51, 51, 198690))
2024-11-03 20:52:52,024 - src.infra.client.deribit_client - INFO - get obj ---> TickerDTO(ticker='btc_usd', price=68304.82, timestamp=datetime.datetime(2024, 11, 3, 17, 52, 51, 716701))
2024-11-03 20:52:52,119 - src.infra.client.deribit_client - INFO - check obj ---> TickerUpdateDTO(id=3, ticker='btc_usd', price=68304.82, timestamp=datetime.datetime(2024, 11, 3, 17, 52, 51, 716701))
2024-11-03 20:52:52,132 - src.infra.client.deribit_client - INFO - update obj ---> TickerUpdateDTO(id=3, ticker='btc_usd', price=68304.82, timestamp=datetime.datetime(2024, 11, 3, 17, 52, 51, 716701))
2024-11-03 20:52:52,133 - src.infra.client.deribit_client - INFO - get obj ---> TickerDTO(ticker='eth_usd', price=2446.09, timestamp=datetime.datetime(2024, 11, 3, 17, 52, 52, 24246))
2024-11-03 20:52:52,136 - src.infra.client.deribit_client - INFO - check obj ---> TickerUpdateDTO(id=4, ticker='eth_usd', price=2446.09, timestamp=datetime.datetime(2024, 11, 3, 17, 52, 52, 24246))
2024-11-03 20:52:52,141 - src.infra.client.deribit_client - INFO - update obj ---> TickerUpdateDTO(id=4, ticker='eth_usd', price=2446.09, timestamp=datetime.datetime(2024, 11, 3, 17, 52, 52, 24246))
2024-11-03 20:53:52,849 - src.infra.client.deribit_client - INFO - get obj ---> TickerDTO(ticker='btc_usd', price=68305.38, timestamp=datetime.datetime(2024, 11, 3, 17, 53, 52, 542618))
2024-11-03 20:53:52,950 - src.infra.client.deribit_client - INFO - check obj ---> TickerUpdateDTO(id=3, ticker='btc_usd', price=68305.38, timestamp=datetime.datetime(2024, 11, 3, 17, 53, 52, 542618))
2024-11-03 20:53:52,964 - src.infra.client.deribit_client - INFO - update obj ---> TickerUpdateDTO(id=3, ticker='btc_usd', price=68305.38, timestamp=datetime.datetime(2024, 11, 3, 17, 53, 52, 542618))
2024-11-03 20:53:52,964 - src.infra.client.deribit_client - INFO - get obj ---> TickerDTO(ticker='eth_usd', price=2445.43, timestamp=datetime.datetime(2024, 11, 3, 17, 53, 52, 848812))
2024-11-03 20:53:52,967 - src.infra.client.deribit_client - INFO - check obj ---> TickerUpdateDTO(id=4, ticker='eth_usd', price=2445.43, timestamp=datetime.datetime(2024, 11, 3, 17, 53, 52, 848812))
2024-11-03 20:53:52,972 - src.infra.client.deribit_client - INFO - update obj ---> TickerUpdateDTO(id=4, ticker='eth_usd', price=2445.43, timestamp=datetime.datetime(2024, 11, 3, 17, 53, 52, 848812))
2024-11-03 20:54:54,084 - src.infra.client.deribit_client - INFO - get obj ---> TickerDTO(ticker='btc_usd', price=68309.87, timestamp=datetime.datetime(2024, 11, 3, 17, 54, 53, 674372))
2024-11-03 20:54:54,186 - src.infra.client.deribit_client - INFO - check obj ---> TickerUpdateDTO(id=3, ticker='btc_usd', price=68309.87, timestamp=datetime.datetime(2024, 11, 3, 17, 54, 53, 674372))
2024-11-03 20:54:54,194 - src.infra.client.deribit_client - INFO - update obj ---> TickerUpdateDTO(id=3, ticker='btc_usd', price=68309.87, timestamp=datetime.datetime(2024, 11, 3, 17, 54, 53, 674372))
2024-11-03 20:54:54,194 - src.infra.client.deribit_client - INFO - get obj ---> TickerDTO(ticker='eth_usd', price=2445.48, timestamp=datetime.datetime(2024, 11, 3, 17, 54, 54, 84310))
2024-11-03 20:54:54,197 - src.infra.client.deribit_client - INFO - check obj ---> TickerUpdateDTO(id=4, ticker='eth_usd', price=2445.48, timestamp=datetime.datetime(2024, 11, 3, 17, 54, 54, 84310))
2024-11-03 20:54:54,202 - src.infra.client.deribit_client - INFO - update obj ---> TickerUpdateDTO(id=4, ticker='eth_usd', price=2445.48, timestamp=datetime.datetime(2024, 11, 3, 17, 54, 54, 84310))
2024-11-03 20:55:55,013 - src.infra.client.deribit_client - INFO - get obj ---> TickerDTO(ticker='btc_usd', price=68343.66, timestamp=datetime.datetime(2024, 11, 3, 17, 55, 54, 602229))
2024-11-03 20:55:55,108 - src.infra.client.deribit_client - INFO - check obj ---> TickerUpdateDTO(id=3, ticker='btc_usd', price=68343.66, timestamp=datetime.datetime(2024, 11, 3, 17, 55, 54, 602229))
2024-11-03 20:55:55,122 - src.infra.client.deribit_client - INFO - update obj ---> TickerUpdateDTO(id=3, ticker='btc_usd', price=68343.66, timestamp=datetime.datetime(2024, 11, 3, 17, 55, 54, 602229))
2024-11-03 20:55:55,122 - src.infra.client.deribit_client - INFO - get obj ---> TickerDTO(ticker='eth_usd', price=2446.24, timestamp=datetime.datetime(2024, 11, 3, 17, 55, 55, 12779))
2024-11-03 20:55:55,125 - src.infra.client.deribit_client - INFO - check obj ---> TickerUpdateDTO(id=4, ticker='eth_usd', price=2446.24, timestamp=datetime.datetime(2024, 11, 3, 17, 55, 55, 12779))
2024-11-03 20:55:55,130 - src.infra.client.deribit_client - INFO - update obj ---> TickerUpdateDTO(id=4, ticker='eth_usd', price=2446.24, timestamp=datetime.datetime(2024, 11, 3, 17, 55, 55, 12779))
2024-11-03 20:56:56,248 - src.infra.client.deribit_client - INFO - get obj ---> TickerDTO(ticker='btc_usd', price=68320.88, timestamp=datetime.datetime(2024, 11, 3, 17, 56, 55, 735326))
2024-11-03 20:56:56,347 - src.infra.client.deribit_client - INFO - check obj ---> TickerUpdateDTO(id=3, ticker='btc_usd', price=68320.88, timestamp=datetime.datetime(2024, 11, 3, 17, 56, 55, 735326))
2024-11-03 20:56:56,361 - src.infra.client.deribit_client - INFO - update obj ---> TickerUpdateDTO(id=3, ticker='btc_usd', price=68320.88, timestamp=datetime.datetime(2024, 11, 3, 17, 56, 55, 735326))
2024-11-03 20:56:56,361 - src.infra.client.deribit_client - INFO - get obj ---> TickerDTO(ticker='eth_usd', price=2444.86, timestamp=datetime.datetime(2024, 11, 3, 17, 56, 56, 248568))
2024-11-03 20:56:56,364 - src.infra.client.deribit_client - INFO - check obj ---> TickerUpdateDTO(id=4, ticker='eth_usd', price=2444.86, timestamp=datetime.datetime(2024, 11, 3, 17, 56, 56, 248568))
2024-11-03 20:56:56,369 - src.infra.client.deribit_client - INFO - update obj ---> TickerUpdateDTO(id=4, ticker='eth_usd', price=2444.86, timestamp=datetime.datetime(2024, 11, 3, 17, 56, 56, 248568))
2024-11-03 20:57:57,277 - src.infra.client.deribit_client - INFO - get obj ---> TickerDTO(ticker='btc_usd', price=68320.89, timestamp=datetime.datetime(2024, 11, 3, 17, 57, 56, 868178))
2024-11-03 20:57:57,364 - src.infra.client.deribit_client - INFO - check obj ---> TickerUpdateDTO(id=3, ticker='btc_usd', price=68320.89, timestamp=datetime.datetime(2024, 11, 3, 17, 57, 56, 868178))
2024-11-03 20:57:57,378 - src.infra.client.deribit_client - INFO - update obj ---> TickerUpdateDTO(id=3, ticker='btc_usd', price=68320.89, timestamp=datetime.datetime(2024, 11, 3, 17, 57, 56, 868178))
2024-11-03 20:57:57,378 - src.infra.client.deribit_client - INFO - get obj ---> TickerDTO(ticker='eth_usd', price=2444.83, timestamp=datetime.datetime(2024, 11, 3, 17, 57, 57, 277461))
2024-11-03 20:57:57,381 - src.infra.client.deribit_client - INFO - check obj ---> TickerUpdateDTO(id=4, ticker='eth_usd', price=2444.83, timestamp=datetime.datetime(2024, 11, 3, 17, 57, 57, 277461))
2024-11-03 20:57:57,386 - src.infra.client.deribit_client - INFO - update obj ---> TickerUpdateDTO(id=4, ticker='eth_usd', price=2444.83, timestamp=datetime.datetime(2024, 11, 3, 17, 57, 57, 277461))
2024-11-03 20:58:58,103 - src.infra.client.deribit_client - INFO - get obj ---> TickerDTO(ticker='btc_usd', price=68310.47, timestamp=datetime.datetime(2024, 11, 3, 17, 58, 57, 811477))
2024-11-03 20:58:58,182 - src.infra.client.deribit_client - INFO - check obj ---> TickerUpdateDTO(id=3, ticker='btc_usd', price=68310.47, timestamp=datetime.datetime(2024, 11, 3, 17, 58, 57, 811477))
2024-11-03 20:58:58,199 - src.infra.client.deribit_client - INFO - update obj ---> TickerUpdateDTO(id=3, ticker='btc_usd', price=68310.47, timestamp=datetime.datetime(2024, 11, 3, 17, 58, 57, 811477))
2024-11-03 20:58:58,199 - src.infra.client.deribit_client - INFO - get obj ---> TickerDTO(ticker='eth_usd', price=2443.71, timestamp=datetime.datetime(2024, 11, 3, 17, 58, 58, 103088))
2024-11-03 20:58:58,202 - src.infra.client.deribit_client - INFO - check obj ---> TickerUpdateDTO(id=4, ticker='eth_usd', price=2443.71, timestamp=datetime.datetime(2024, 11, 3, 17, 58, 58, 103088))
2024-11-03 20:58:58,207 - src.infra.client.deribit_client - INFO - update obj ---> TickerUpdateDTO(id=4, ticker='eth_usd', price=2443.71, timestamp=datetime.datetime(2024, 11, 3, 17, 58, 58, 103088))
2024-11-03 20:59:59,134 - src.infra.client.deribit_client - INFO - get obj ---> TickerDTO(ticker='btc_usd', price=68329.53, timestamp=datetime.datetime(2024, 11, 3, 17, 59, 58, 621875))
2024-11-03 20:59:59,235 - src.infra.client.deribit_client - INFO - check obj ---> TickerUpdateDTO(id=3, ticker='btc_usd', price=68329.53, timestamp=datetime.datetime(2024, 11, 3, 17, 59, 58, 621875))
2024-11-03 20:59:59,249 - src.infra.client.deribit_client - INFO - update obj ---> TickerUpdateDTO(id=3, ticker='btc_usd', price=68329.53, timestamp=datetime.datetime(2024, 11, 3, 17, 59, 58, 621875))
2024-11-03 20:59:59,249 - src.infra.client.deribit_client - INFO - get obj ---> TickerDTO(ticker='eth_usd', price=2445.66, timestamp=datetime.datetime(2024, 11, 3, 17, 59, 59, 134247))
2024-11-03 20:59:59,252 - src.infra.client.deribit_client - INFO - check obj ---> TickerUpdateDTO(id=4, ticker='eth_usd', price=2445.66, timestamp=datetime.datetime(2024, 11, 3, 17, 59, 59, 134247))
2024-11-03 20:59:59,257 - src.infra.client.deribit_client - INFO - update obj ---> TickerUpdateDTO(id=4, ticker='eth_usd', price=2445.66, timestamp=datetime.datetime(2024, 11, 3, 17, 59, 59, 134247))
2024-11-03 21:48:25,740 - src.infra.client.deribit_client - INFO - get obj ---> TickerDTO(ticker='btc_usd', price=67716.65, timestamp=datetime.datetime(2024, 11, 3, 18, 48, 25, 546060))
2024-11-03 21:48:25,828 - src.infra.client.deribit_client - INFO - check obj ---> TickerUpdateDTO(id=3, ticker='btc_usd', price=67716.65, timestamp=datetime.datetime(2024, 11, 3, 18, 48, 25, 546060))
2024-11-03 21:48:25,836 - src.infra.client.deribit_client - INFO - update obj ---> TickerUpdateDTO(id=3, ticker='btc_usd', price=67716.65, timestamp=datetime.datetime(2024, 11, 3, 18, 48, 25, 546060))
2024-11-03 21:48:25,837 - src.infra.client.deribit_client - INFO - get obj ---> TickerDTO(ticker='eth_usd', price=2411.47, timestamp=datetime.datetime(2024, 11, 3, 18, 48, 25, 740359))
2024-11-03 21:48:25,839 - src.infra.client.deribit_client - INFO - check obj ---> TickerUpdateDTO(id=4, ticker='eth_usd', price=2411.47, timestamp=datetime.datetime(2024, 11, 3, 18, 48, 25, 740359))
2024-11-03 21:48:25,845 - src.infra.client.deribit_client - INFO - update obj ---> TickerUpdateDTO(id=4, ticker='eth_usd', price=2411.47, timestamp=datetime.datetime(2024, 11, 3, 18, 48, 25, 740359))
2024-11-03 21:48:32,636 - __main__ - INFO - Закончили сбор данных
2024-11-03 22:37:38,679 - __main__ - INFO - Init application
2024-11-03 22:37:39,817 - src.infra.client.deribit_client - INFO - get obj ---> TickerDTO(ticker='btc_usd', price=68554.22, timestamp=datetime.datetime(2024, 11, 3, 19, 37, 39, 367411))
2024-11-03 22:38:25,130 - __main__ - INFO - Init application
2024-11-03 22:38:26,279 - src.infra.client.deribit_client - INFO - get obj ---> TickerDTO(ticker='btc_usd', price=68607.36, timestamp=datetime.datetime(2024, 11, 3, 19, 38, 25, 605793))
2024-11-03 22:38:50,218 - __main__ - INFO - Init application
2024-11-03 22:38:51,002 - src.infra.client.deribit_client - INFO - get obj ---> TickerDTO(ticker='btc_usd', price=68580.26, timestamp=datetime.datetime(2024, 11, 3, 19, 38, 50, 694802))
2024-11-03 22:39:00,193 - __main__ - INFO - Init application
2024-11-03 22:39:01,042 - src.infra.client.deribit_client - INFO - get obj ---> TickerDTO(ticker='btc_usd', price=68575.73, timestamp=datetime.datetime(2024, 11, 3, 19, 39, 0, 709101))
2024-11-03 22:40:01,826 - __main__ - INFO - Init application
2024-11-03 22:40:02,472 - src.infra.client.deribit_client - INFO - get obj ---> TickerDTO(ticker='btc_usd', price=68614.78, timestamp=datetime.datetime(2024, 11, 3, 19, 40, 2, 170958))
2024-11-03 22:40:29,762 - __main__ - INFO - Init application
2024-11-03 22:40:30,198 - src.infra.client.deribit_client - INFO - get obj ---> TickerDTO(ticker='btc_usd', price=68650.4, timestamp=datetime.datetime(2024, 11, 3, 19, 40, 30, 7444))
2024-11-03 22:42:29,468 - __main__ - INFO - Init application
2024-11-03 22:42:30,295 - src.infra.client.deribit_client - INFO - get obj ---> TickerDTO(ticker='btc_usd', price=68600.53, timestamp=datetime.datetime(2024, 11, 3, 19, 42, 29, 879651))
2024-11-03 22:42:30,429 - src.infra.client.deribit_client - INFO - check obj ---> TickerUpdateDTO(id=3, ticker='btc_usd', price=68600.53, timestamp=datetime.datetime(2024, 11, 3, 19, 42, 29, 879651))
2024-11-03 22:42:30,437 - src.infra.client.deribit_client - INFO - update obj ---> TickerUpdateDTO(id=3, ticker='btc_usd', price=68600.53, timestamp=datetime.datetime(2024, 11, 3, 19, 42, 29, 879651))
2024-11-03 22:42:30,437 - src.infra.client.deribit_client - INFO - get obj ---> TickerDTO(ticker='eth_usd', price=2448.59, timestamp=datetime.datetime(2024, 11, 3, 19, 42, 30, 295359))
2024-11-03 22:42:30,440 - src.infra.client.deribit_client - INFO - check obj ---> TickerUpdateDTO(id=4, ticker='eth_usd', price=2448.59, timestamp=datetime.datetime(2024, 11, 3, 19, 42, 30, 295359))
2024-11-03 22:42:30,446 - src.infra.client.deribit_client - INFO - update obj ---> TickerUpdateDTO(id=4, ticker='eth_usd', price=2448.59, timestamp=datetime.datetime(2024, 11, 3, 19, 42, 30, 295359))
2024-11-03 22:42:44,531 - __main__ - INFO - Закончили сбор данных
2024-11-03 23:34:12,955 - __main__ - INFO - Init application
2024-11-03 23:34:13,423 - src.infra.client.deribit_client - INFO - get obj ---> TickerDTO(ticker='btc_usd', price=68708.88, timestamp=datetime.datetime(2024, 11, 3, 20, 34, 13, 231778))
2024-11-03 23:35:00,384 - __main__ - INFO - Init application
2024-11-03 23:35:01,055 - src.infra.client.deribit_client - INFO - get obj ---> TickerDTO(ticker='btc_usd', price=68746.05, timestamp=datetime.datetime(2024, 11, 3, 20, 35, 0, 747820))
2024-11-03 23:38:06,957 - __main__ - INFO - Init application
2024-11-03 23:38:07,737 - src.infra.client.deribit_client - INFO - get obj ---> TickerDTO(ticker='btc_usd', price=68765.38, timestamp=datetime.datetime(2024, 11, 3, 20, 38, 7, 426976))
2024-11-03 23:40:17,531 - __main__ - INFO - Init application
2024-11-03 23:40:18,368 - src.infra.client.deribit_client - INFO - get obj ---> TickerDTO(ticker='btc_usd', price=68819.06, timestamp=datetime.datetime(2024, 11, 3, 20, 40, 18, 96747))
2024-11-03 23:40:18,467 - src.infra.client.deribit_client - INFO - check obj ---> TickerCreateDTO(ticker='btc_usd', price=68819.06, timestamp=datetime.datetime(2024, 11, 3, 20, 40, 18, 96747))
2024-11-03 23:40:18,476 - src.infra.client.deribit_client - INFO - create obj ---> TickerCreateDTO(ticker='btc_usd', price=68819.06, timestamp=datetime.datetime(2024, 11, 3, 20, 40, 18, 96747))
2024-11-03 23:40:18,476 - src.infra.client.deribit_client - INFO - get obj ---> TickerDTO(ticker='eth_usd', price=2463.01, timestamp=datetime.datetime(2024, 11, 3, 20, 40, 18, 368334))
2024-11-03 23:40:18,479 - src.infra.client.deribit_client - INFO - check obj ---> TickerCreateDTO(ticker='eth_usd', price=2463.01, timestamp=datetime.datetime(2024, 11, 3, 20, 40, 18, 368334))
2024-11-03 23:40:18,483 - src.infra.client.deribit_client - INFO - create obj ---> TickerCreateDTO(ticker='eth_usd', price=2463.01, timestamp=datetime.datetime(2024, 11, 3, 20, 40, 18, 368334))
2024-11-03 23:40:32,707 - __main__ - INFO - Закончили сбор данных
2024-11-03 23:46:21,851 - __main__ - INFO - Init application
2024-11-03 23:46:22,325 - src.infra.client.deribit_client - INFO - get obj ---> TickerDTO(ticker='btc_usd', price=68826.4, timestamp=datetime.datetime(2024, 11, 3, 20, 46, 22, 135783))
2024-11-03 23:46:47,876 - __main__ - INFO - Задача fetch_and_save_prices_periodically была отменена 
2024-11-03 23:47:35,895 - __main__ - INFO - Init application
2024-11-03 23:47:36,349 - src.infra.client.deribit_client - INFO - get obj ---> TickerDTO(ticker='btc_usd', price=68808.86, timestamp=datetime.datetime(2024, 11, 3, 20, 47, 36, 155313))
2024-11-03 23:47:36,480 - src.infra.client.deribit_client - INFO - check obj ---> TickerUpdateDTO(id=1, ticker='btc_usd', price=68808.86, timestamp=datetime.datetime(2024, 11, 3, 20, 47, 36, 155313))
2024-11-03 23:47:36,492 - src.infra.client.deribit_client - INFO - update obj ---> TickerUpdateDTO(id=1, ticker='btc_usd', price=68808.86, timestamp=datetime.datetime(2024, 11, 3, 20, 47, 36, 155313))
2024-11-03 23:47:36,492 - src.infra.client.deribit_client - INFO - get obj ---> TickerDTO(ticker='eth_usd', price=2463.2, timestamp=datetime.datetime(2024, 11, 3, 20, 47, 36, 349490))
2024-11-03 23:47:36,496 - src.infra.client.deribit_client - INFO - check obj ---> TickerUpdateDTO(id=2, ticker='eth_usd', price=2463.2, timestamp=datetime.datetime(2024, 11, 3, 20, 47, 36, 349490))
2024-11-03 23:47:36,502 - src.infra.client.deribit_client - INFO - update obj ---> TickerUpdateDTO(id=2, ticker='eth_usd', price=2463.2, timestamp=datetime.datetime(2024, 11, 3, 20, 47, 36, 349490))
2024-11-03 23:47:48,523 - __main__ - INFO - Закончили сбор данных
2024-11-03 23:52:21,400 - __main__ - INFO - Init application
2024-11-03 23:52:22,796 - src.infra.client.deribit_client - INFO - get obj ---> TickerDTO(ticker='btc_usd', price=68877.67, timestamp=datetime.datetime(2024, 11, 3, 20, 52, 22, 495188))
2024-11-03 23:52:22,900 - src.infra.client.deribit_client - INFO - check obj ---> TickerCreateDTO(ticker='btc_usd', price=68877.67, timestamp=datetime.datetime(2024, 11, 3, 20, 52, 22, 495188))
2024-11-03 23:52:22,912 - src.infra.client.deribit_client - INFO - create obj ---> TickerCreateDTO(ticker='btc_usd', price=68877.67, timestamp=datetime.datetime(2024, 11, 3, 20, 52, 22, 495188))
2024-11-03 23:52:22,912 - src.infra.client.deribit_client - INFO - get obj ---> TickerDTO(ticker='eth_usd', price=2465.66, timestamp=datetime.datetime(2024, 11, 3, 20, 52, 22, 796082))
2024-11-03 23:52:22,917 - src.infra.client.deribit_client - INFO - check obj ---> TickerCreateDTO(ticker='eth_usd', price=2465.66, timestamp=datetime.datetime(2024, 11, 3, 20, 52, 22, 796082))
2024-11-03 23:52:22,922 - src.infra.client.deribit_client - INFO - create obj ---> TickerCreateDTO(ticker='eth_usd', price=2465.66, timestamp=datetime.datetime(2024, 11, 3, 20, 52, 22, 796082))
2024-11-03 23:52:27,931 - __main__ - INFO - Закончили сбор данных
2024-11-03 23:53:32,571 - __main__ - INFO - Init application
2024-11-03 23:53:33,245 - src.infra.client.deribit_client - INFO - get obj ---> TickerDTO(ticker='btc_usd', price=68882.12, timestamp=datetime.datetime(2024, 11, 3, 20, 53, 32, 944742))
2024-11-03 23:53:33,336 - src.infra.client.deribit_client - INFO - check obj ---> TickerUpdateDTO(id=3, ticker='btc_usd', price=68882.12, timestamp=datetime.datetime(2024, 11, 3, 20, 53, 32, 944742))
2024-11-03 23:53:33,351 - src.infra.client.deribit_client - INFO - update obj ---> TickerUpdateDTO(id=3, ticker='btc_usd', price=68882.12, timestamp=datetime.datetime(2024, 11, 3, 20, 53, 32, 944742))
2024-11-03 23:53:33,351 - src.infra.client.deribit_client - INFO - get obj ---> TickerDTO(ticker='eth_usd', price=2464.84, timestamp=datetime.datetime(2024, 11, 3, 20, 53, 33, 245085))
2024-11-03 23:53:33,353 - src.infra.client.deribit_client - INFO - check obj ---> TickerUpdateDTO(id=4, ticker='eth_usd', price=2464.84, timestamp=datetime.datetime(2024, 11, 3, 20, 53, 33, 245085))
2024-11-03 23:53:33,358 - src.infra.client.deribit_client - INFO - update obj ---> TickerUpdateDTO(id=4, ticker='eth_usd', price=2464.84, timestamp=datetime.datetime(2024, 11, 3, 20, 53, 33, 245085))
2024-11-03 23:53:39,274 - __main__ - INFO - Закончили сбор данных
2024-11-03 23:55:37,244 - __main__ - INFO - Init application
2024-11-03 23:55:37,970 - src.infra.client.deribit_client - INFO - get obj ---> TickerDTO(ticker='btc_usd', price=68908.2, timestamp=datetime.datetime(2024, 11, 3, 20, 55, 37, 665848))
2024-11-03 23:55:38,082 - src.infra.client.deribit_client - INFO - check obj ---> TickerCreateDTO(ticker='btc_usd', price=68908.2, timestamp=datetime.datetime(2024, 11, 3, 20, 55, 37, 665848))
2024-11-03 23:55:38,090 - src.infra.client.deribit_client - INFO - create obj ---> TickerCreateDTO(ticker='btc_usd', price=68908.2, timestamp=datetime.datetime(2024, 11, 3, 20, 55, 37, 665848))
2024-11-03 23:55:38,091 - src.infra.client.deribit_client - INFO - get obj ---> TickerDTO(ticker='eth_usd', price=2465.27, timestamp=datetime.datetime(2024, 11, 3, 20, 55, 37, 969912))
2024-11-03 23:55:38,093 - src.infra.client.deribit_client - INFO - check obj ---> TickerCreateDTO(ticker='eth_usd', price=2465.27, timestamp=datetime.datetime(2024, 11, 3, 20, 55, 37, 969912))
2024-11-03 23:55:38,097 - src.infra.client.deribit_client - INFO - create obj ---> TickerCreateDTO(ticker='eth_usd', price=2465.27, timestamp=datetime.datetime(2024, 11, 3, 20, 55, 37, 969912))
2024-11-03 23:55:41,176 - __main__ - INFO - Закончили сбор данных
2024-11-04 01:46:50,071 - __main__ - INFO - Init application
2024-11-04 01:47:12,516 - __main__ - INFO - Init application
2024-11-04 01:47:57,369 - __main__ - INFO - Init application
2024-11-04 01:54:06,269 - __main__ - INFO - Init application
2024-11-04 01:54:06,932 - src.infra.client.deribit_client - INFO - get obj ---> TickerDTO(ticker='btc_usd', price=68911.15, timestamp=datetime.datetime(2024, 11, 3, 22, 54, 6, 625455))
2024-11-04 01:59:28,380 - __main__ - INFO - Init application
2024-11-04 01:59:29,306 - src.infra.client.deribit_client - INFO - get obj ---> TickerDTO(ticker='btc_usd', price=68882.69, timestamp=datetime.datetime(2024, 11, 3, 22, 59, 28, 896591))
2024-11-04 02:01:09,253 - __main__ - INFO - Init application
2024-11-04 02:01:09,677 - src.infra.client.deribit_client - INFO - get obj ---> TickerDTO(ticker='btc_usd', price=68753.97, timestamp=datetime.datetime(2024, 11, 3, 23, 1, 9, 496730))
2024-11-04 02:01:47,222 - __main__ - INFO - Init application
2024-11-04 02:01:47,963 - src.infra.client.deribit_client - INFO - get obj ---> TickerDTO(ticker='btc_usd', price=68591.14, timestamp=datetime.datetime(2024, 11, 3, 23, 1, 47, 655064))
2024-11-04 02:02:35,558 - __main__ - INFO - Init application
2024-11-04 02:02:35,977 - src.infra.client.deribit_client - INFO - get obj ---> TickerDTO(ticker='btc_usd', price=68546.94, timestamp=datetime.datetime(2024, 11, 3, 23, 2, 35, 790596))
